<?xml version="1.0" encoding="UTF-8"?>
<!-- Generated by org.testng.reporters.JUnitReportReporter -->
<testsuite hostname="dengsh" name="com.gxb.server.api.uitl.ExcelReader" tests="1" failures="0" timestamp="30 Aug 2015 13:29:12 GMT" time="0.414" errors="0">
  <testcase name="testWrite" time="0.414" classname="com.gxb.server.api.uitl.ExcelReader"/>
</testsuite> <!-- com.gxb.server.api.uitl.ExcelReader -->
