<?xml version="1.0" encoding="UTF-8"?>
<!-- Generated by org.testng.reporters.JUnitReportReporter -->
<testsuite hostname="dengsh" name="com.gxb.server.api.uitl.ExcelReader$GetUsersInfo" tests="1" failures="1" timestamp="30 Aug 2015 13:29:12 GMT" time="2.300" errors="0">
  <testcase name="getInfo" time="2.300" classname="com.gxb.server.api.uitl.ExcelReader$GetUsersInfo">
    <failure type="com.jayway.restassured.path.json.exception.JsonPathException" message="Failed to parse the JSON document">
      <![CDATA[com.jayway.restassured.path.json.exception.JsonPathException: Failed to parse the JSON document
	at com.jayway.restassured.path.json.JsonPath$ExceptionCatcher.invoke(JsonPath.java:915)
	at com.jayway.restassured.path.json.JsonPath$4.doParseWith(JsonPath.java:876)
	at com.jayway.restassured.path.json.JsonPath$JsonParser.parseWith(JsonPath.java:959)
	at com.jayway.restassured.path.json.JsonPath.get(JsonPath.java:201)
	at com.gxb.server.api.uitl.TestConfig.getToken(TestConfig.java:44)
	at com.gxb.server.api.uitl.ExcelReader$GetUsersInfo.getInfo(ExcelReader.java:292)
	at sun.reflect.NativeMethodAccessorImpl.invoke0(Native Method)
	at sun.reflect.NativeMethodAccessorImpl.invoke(NativeMethodAccessorImpl.java:62)
	at sun.reflect.DelegatingMethodAccessorImpl.invoke(DelegatingMethodAccessorImpl.java:43)
	at java.lang.reflect.Method.invoke(Method.java:483)
	at org.testng.internal.MethodInvocationHelper.invokeMethod(MethodInvocationHelper.java:84)
	at org.testng.internal.Invoker.invokeMethod(Invoker.java:714)
	at org.testng.internal.Invoker.invokeTestMethod(Invoker.java:901)
	at org.testng.internal.Invoker.invokeTestMethods(Invoker.java:1231)
	at org.testng.internal.TestMethodWorker.invokeTestMethods(TestMethodWorker.java:127)
	at org.testng.internal.TestMethodWorker.run(TestMethodWorker.java:111)
	at org.testng.TestRunner.privateRun(TestRunner.java:767)
	at org.testng.TestRunner.run(TestRunner.java:617)
	at org.testng.SuiteRunner.runTest(SuiteRunner.java:334)
	at org.testng.SuiteRunner.runSequentially(SuiteRunner.java:329)
	at org.testng.SuiteRunner.privateRun(SuiteRunner.java:291)
	at org.testng.SuiteRunner.run(SuiteRunner.java:240)
	at org.testng.SuiteRunnerWorker.runSuite(SuiteRunnerWorker.java:52)
	at org.testng.SuiteRunnerWorker.run(SuiteRunnerWorker.java:86)
	at org.testng.TestNG.runSuitesSequentially(TestNG.java:1224)
	at org.testng.TestNG.runSuitesLocally(TestNG.java:1149)
	at org.testng.TestNG.run(TestNG.java:1057)
	at org.testng.remote.RemoteTestNG.run(RemoteTestNG.java:111)
	at org.testng.remote.RemoteTestNG.initAndRun(RemoteTestNG.java:204)
	at org.testng.remote.RemoteTestNG.main(RemoteTestNG.java:175)
Caused by: groovy.json.JsonException: Lexing failed on line: 1, column: 1, while reading '<', no possible valid JSON value or punctuation could be recognized.
	at groovy.json.JsonLexer.nextToken(JsonLexer.java:82)
	at groovy.json.JsonLexer$nextToken.call(Unknown Source)
	at org.codehaus.groovy.runtime.callsite.CallSiteArray.defaultCall(CallSiteArray.java:45)
	at org.codehaus.groovy.runtime.callsite.AbstractCallSite.call(AbstractCallSite.java:108)
	at org.codehaus.groovy.runtime.callsite.AbstractCallSite.call(AbstractCallSite.java:112)
	at com.jayway.restassured.internal.path.json.ConfigurableJsonSlurper.parse(ConfigurableJsonSlurper.groovy:99)
	at com.jayway.restassured.internal.path.json.ConfigurableJsonSlurper$parse.callCurrent(Unknown Source)
	at org.codehaus.groovy.runtime.callsite.CallSiteArray.defaultCallCurrent(CallSiteArray.java:49)
	at org.codehaus.groovy.runtime.callsite.AbstractCallSite.callCurrent(AbstractCallSite.java:133)
	at org.codehaus.groovy.runtime.callsite.AbstractCallSite.callCurrent(AbstractCallSite.java:141)
	at com.jayway.restassured.internal.path.json.ConfigurableJsonSlurper.parseText(ConfigurableJsonSlurper.groovy:85)
	at com.jayway.restassured.path.json.JsonPath$4$1.method(JsonPath.java:878)
	at com.jayway.restassured.path.json.JsonPath$ExceptionCatcher.invoke(JsonPath.java:913)
	... 29 more
]]>
    </failure>
  </testcase> <!-- getInfo -->
</testsuite> <!-- com.gxb.server.api.uitl.ExcelReader$GetUsersInfo -->
