<?xml version="1.0" encoding="UTF-8"?>
<!-- Generated by org.testng.reporters.JUnitReportReporter -->
<testsuite hostname="macosserver.kaikeba.local" name="org.gxb.server.api.restassured.courses.AnnouncementAddTest" tests="1" failures="0" timestamp="26 Aug 2015 03:00:44 GMT" time="1.130" errors="0">
  <testcase name="testSuc" time="1.130" classname="org.gxb.server.api.restassured.courses.AnnouncementAddTest"/>
</testsuite> <!-- org.gxb.server.api.restassured.courses.AnnouncementAddTest -->
