<?xml version="1.0" encoding="UTF-8"?>
<!-- Generated by org.testng.reporters.JUnitReportReporter -->
<testsuite hostname="macosserver.kaikeba.local" name="org.gxb.server.api.restassured.courses.CategoriesClassesTest" tests="1" failures="0" timestamp="26 Aug 2015 03:03:42 GMT" time="1.116" errors="0">
  <testcase name="testSuc" time="1.116" classname="org.gxb.server.api.restassured.courses.CategoriesClassesTest"/>
</testsuite> <!-- org.gxb.server.api.restassured.courses.CategoriesClassesTest -->
