<?xml version="1.0" encoding="UTF-8"?>
<!-- Generated by org.testng.reporters.JUnitReportReporter -->
<testsuite hostname="dengsh" name="com.gxb.server.api.uitl.TestConfig" tests="1" failures="0" timestamp="30 Aug 2015 04:53:33 GMT" time="2.548" errors="0">
  <testcase name="test" time="2.548" classname="com.gxb.server.api.uitl.TestConfig"/>
</testsuite> <!-- com.gxb.server.api.uitl.TestConfig -->
