<?xml version="1.0" encoding="UTF-8"?>
<!-- Generated by org.testng.reporters.JUnitReportReporter -->
<testsuite hostname="dengsh" name="com.kaikeba.server.api.utils.ExcelReader" tests="1" failures="0" timestamp="29 Aug 2015 07:55:05 GMT" time="0.026" errors="0">
  <testcase name="testData" time="0.026" classname="com.kaikeba.server.api.utils.ExcelReader"/>
</testsuite> <!-- com.kaikeba.server.api.utils.ExcelReader -->
