<?xml version="1.0" encoding="UTF-8"?>
<!-- Generated by org.testng.reporters.JUnitReportReporter -->
<testsuite hostname="macosserver.kaikeba.local" name="org.kkb.server.api.restassured.Api_SchoolHostsTest" tests="1" failures="0" timestamp="25 Aug 2015 06:05:27 GMT" time="1.452" errors="0">
  <testcase name="testSchoolHost" time="1.452" classname="org.kkb.server.api.restassured.Api_SchoolHostsTest"/>
</testsuite> <!-- org.kkb.server.api.restassured.Api_SchoolHostsTest -->
